https://img.pokemondb.net/sprites/sword-shield/icon/venusaur
-mega-venusaur.pnghttps://img.pokemondb.net/artwork/large/venusaur
-mega-venusaur.jpghttps://img.pokemondb.net/sprites/sword-shield/icon/charizard
-mega-charizard-x.pnghttps://img.pokemondb.net/artwork/large/charizard
-mega-charizard-x.jpghttps://img.pokemondb.net/sprites/sword-shield/icon/charizard
-mega-charizard-y.pnghttps://img.pokemondb.net/artwork/large/charizard
-mega-charizard-y.jpghttps://img.pokemondb.net/sprites/sword-shield/icon/blastoise
-mega-blastoise.pnghttps://img.pokemondb.net/artwork/large/blastoise
-mega-blastoise.jpghttps://img.pokemondb.net/sprites/sword-shield/icon/beedrill
-mega-beedrill.pnghttps://img.pokemondb.net/artwork/large/beedrill
-mega-beedrill.jpghttps://img.pokemondb.net/sprites/sword-shield/icon/pidgeot
-mega-pidgeot.pnghttps://img.pokemondb.net/artwork/large/pidgeot
-mega-pidgeot.jpghttps://img.pokemondb.net/sprites/sword-shield/icon/rattata
-alolan-rattata.pnghttps://img.pokemondb.net/artwork/large/rattata
-alolan-rattata.jpghttps://img.pokemondb.net/sprites/sword-shield/icon/raticate
-alolan-raticate.pnghttps://img.pokemondb.net/artwork/large/raticate
-alolan-raticate.jpghttps://img.pokemondb.net/sprites/sword-shield/icon/pikachu
-partner-pikachu.pnghttps://img.pokemondb.net/artwork/large/pikachu
-partner-pikachu.jpghttps://img.pokemondb.net/sprites/sword-shield/icon/raichu
-alolan-raichu.pnghttps://img.pokemondb.net/artwork/large/raichu
-alolan-raichu.jpghttps://img.pokemondb.net/sprites/sword-shield/icon/sandshrew
-alolan-sandshrew.pnghttps://img.pokemondb.net/artwork/large/sandshrew
-alolan-sandshrew.jpghttps://img.pokemondb.net/sprites/sword-shield/icon/sandslash
-alolan-sandslash.pnghttps://img.pokemondb.net/artwork/large/sandslash
-alolan-sandslash.jpghttps://img.pokemondb.net/sprites/sword-shield/icon/vulpix
-alolan-vulpix.pnghttps://img.pokemondb.net/artwork/large/vulpix
-alolan-vulpix.jpghttps://img.pokemondb.net/sprites/sword-shield/icon/ninetales
-alolan-ninetales.pnghttps://img.pokemondb.net/artwork/large/ninetales
-alolan-ninetales.jpghttps://img.pokemondb.net/sprites/sword-shield/icon/diglett
-alolan-diglett.pnghttps://img.pokemondb.net/artwork/large/diglett
-alolan-diglett.jpghttps://img.pokemondb.net/sprites/sword-shield/icon/dugtrio
-alolan-dugtrio.pnghttps://img.pokemondb.net/artwork/large/dugtrio
-alolan-dugtrio.jpghttps://img.pokemondb.net/sprites/sword-shield/icon/meowth
-alolan-meowth.pnghttps://img.pokemondb.net/artwork/large/meowth
-alolan-meowth.jpghttps://img.pokemondb.net/sprites/sword-shield/icon/meowth
-galarian-meowth.pnghttps://img.pokemondb.net/artwork/large/meowth
-galarian-meowth.jpghttps://img.pokemondb.net/sprites/sword-shield/icon/persian
-alolan-persian.pnghttps://img.pokemondb.net/artwork/large/persian
-alolan-persian.jpghttps://img.pokemondb.net/sprites/sword-shield/icon/growlithe
-hisuian-growlithe.pnghttps://img.pokemondb.net/artwork/large/growlithe
-hisuian-growlithe.jpghttps://img.pokemondb.net/sprites/sword-shield/icon/arcanine
-hisuian-arcanine.pnghttps://img.pokemondb.net/artwork/large/arcanine
-hisuian-arcanine.jpghttps://img.pokemondb.net/sprites/sword-shield/icon/alakazam
-mega-alakazam.pnghttps://img.pokemondb.net/artwork/large/alakazam
-mega-alakazam.jpghttps://img.pokemondb.net/sprites/sword-shield/icon/geodude
-alolan-geodude.pnghttps://img.pokemondb.net/artwork/large/geodude
-alolan-geodude.jpghttps://img.pokemondb.net/sprites/sword-shield/icon/graveler
-alolan-graveler.pnghttps://img.pokemondb.net/artwork/large/graveler
-alolan-graveler.jpghttps://img.pokemondb.net/sprites/sword-shield/icon/golem
-alolan-golem.pnghttps://img.pokemondb.net/artwork/large/golem
-alolan-golem.jpghttps://img.pokemondb.net/sprites/sword-shield/icon/ponyta
-galarian-ponyta.pnghttps://img.pokemondb.net/artwork/large/ponyta
-galarian-ponyta.jpghttps://img.pokemondb.net/sprites/sword-shield/icon/rapidash
-galarian-rapidash.pnghttps://img.pokemondb.net/artwork/large/rapidash
-galarian-rapidash.jpghttps://img.pokemondb.net/sprites/sword-shield/icon/slowpoke
-galarian-slowpoke.pnghttps://img.pokemondb.net/artwork/large/slowpoke
-galarian-slowpoke.jpghttps://img.pokemondb.net/sprites/sword-shield/icon/slowbro
-mega-slowbro.pnghttps://img.pokemondb.net/artwork/large/slowbro
-mega-slowbro.jpghttps://img.pokemondb.net/sprites/sword-shield/icon/slowbro
-galarian-slowbro.pnghttps://img.pokemondb.net/artwork/large/slowbro
-galarian-slowbro.jpghttps://img.pokemondb.net/sprites/sword-shield/icon/farfetchd
-galarian-farfetchd.pnghttps://img.pokemondb.net/artwork/large/farfetchd
-galarian-farfetchd.jpghttps://img.pokemondb.net/sprites/sword-shield/icon/grimer
-alolan-grimer.pnghttps://img.pokemondb.net/artwork/large/grimer
-alolan-grimer.jpghttps://img.pokemondb.net/sprites/sword-shield/icon/muk
-alolan-muk.pnghttps://img.pokemondb.net/artwork/large/muk
-alolan-muk.jpghttps://img.pokemondb.net/sprites/sword-shield/icon/gengar
-mega-gengar.pnghttps://img.pokemondb.net/artwork/large/gengar
-mega-gengar.jpghttps://img.pokemondb.net/sprites/sword-shield/icon/voltorb
-hisuian-voltorb.pnghttps://img.pokemondb.net/artwork/large/voltorb
-hisuian-voltorb.jpghttps://img.pokemondb.net/sprites/sword-shield/icon/electrode
-hisuian-electrode.pnghttps://img.pokemondb.net/artwork/large/electrode
-hisuian-electrode.jpghttps://img.pokemondb.net/sprites/sword-shield/icon/exeggutor
-alolan-exeggutor.pnghttps://img.pokemondb.net/artwork/large/exeggutor
-alolan-exeggutor.jpghttps://img.pokemondb.net/sprites/sword-shield/icon/marowak
-alolan-marowak.pnghttps://img.pokemondb.net/artwork/large/marowak
-alolan-marowak.jpghttps://img.pokemondb.net/sprites/sword-shield/icon/weezing
-galarian-weezing.pnghttps://img.pokemondb.net/artwork/large/weezing
-galarian-weezing.jpghttps://img.pokemondb.net/sprites/sword-shield/icon/kangaskhan
-mega-kangaskhan.pnghttps://img.pokemondb.net/artwork/large/kangaskhan
-mega-kangaskhan.jpghttps://img.pokemondb.net/sprites/sword-shield/icon/mr-mime
-galarian-mr-mime.pnghttps://img.pokemondb.net/artwork/large/mr-mime
-galarian-mr-mime.jpghttps://img.pokemondb.net/sprites/sword-shield/icon/pinsir
-mega-pinsir.pnghttps://img.pokemondb.net/artwork/large/pinsir
-mega-pinsir.jpghttps://img.pokemondb.net/sprites/sword-shield/icon/gyarados
-mega-gyarados.pnghttps://img.pokemondb.net/artwork/large/gyarados
-mega-gyarados.jpghttps://img.pokemondb.net/sprites/sword-shield/icon/eevee
-partner-eevee.pnghttps://img.pokemondb.net/artwork/large/eevee
-partner-eevee.jpghttps://img.pokemondb.net/sprites/sword-shield/icon/aerodactyl
-mega-aerodactyl.pnghttps://img.pokemondb.net/artwork/large/aerodactyl
-mega-aerodactyl.jpghttps://img.pokemondb.net/sprites/sword-shield/icon/articuno
-galarian-articuno.pnghttps://img.pokemondb.net/artwork/large/articuno
-galarian-articuno.jpghttps://img.pokemondb.net/sprites/sword-shield/icon/zapdos
-galarian-zapdos.pnghttps://img.pokemondb.net/artwork/large/zapdos
-galarian-zapdos.jpghttps://img.pokemondb.net/sprites/sword-shield/icon/moltres
-galarian-moltres.pnghttps://img.pokemondb.net/artwork/large/moltres
-galarian-moltres.jpghttps://img.pokemondb.net/sprites/sword-shield/icon/mewtwo
-mega-mewtwo-x.pnghttps://img.pokemondb.net/artwork/large/mewtwo
-mega-mewtwo-x.jpghttps://img.pokemondb.net/sprites/sword-shield/icon/mewtwo
-mega-mewtwo-y.pnghttps://img.pokemondb.net/artwork/large/mewtwo
-mega-mewtwo-y.jpghttps://img.pokemondb.net/sprites/sword-shield/icon/typhlosion
-hisuian-typhlosion.pnghttps://img.pokemondb.net/artwork/large/typhlosion
-hisuian-typhlosion.jpghttps://img.pokemondb.net/sprites/sword-shield/icon/ampharos
-mega-ampharos.pnghttps://img.pokemondb.net/artwork/large/ampharos
-mega-ampharos.jpghttps://img.pokemondb.net/sprites/sword-shield/icon/slowking
-galarian-slowking.pnghttps://img.pokemondb.net/artwork/large/slowking
-galarian-slowking.jpghttps://img.pokemondb.net/sprites/sword-shield/icon/steelix
-mega-steelix.pnghttps://img.pokemondb.net/artwork/large/steelix
-mega-steelix.jpghttps://img.pokemondb.net/sprites/sword-shield/icon/qwilfish
-hisuian-qwilfish.pnghttps://img.pokemondb.net/artwork/large/qwilfish
-hisuian-qwilfish.jpghttps://img.pokemondb.net/sprites/sword-shield/icon/scizor
-mega-scizor.pnghttps://img.pokemondb.net/artwork/large/scizor
-mega-scizor.jpghttps://img.pokemondb.net/sprites/sword-shield/icon/heracross
-mega-heracross.pnghttps://img.pokemondb.net/artwork/large/heracross
-mega-heracross.jpghttps://img.pokemondb.net/sprites/sword-shield/icon/sneasel
-hisuian-sneasel.pnghttps://img.pokemondb.net/artwork/large/sneasel
-hisuian-sneasel.jpghttps://img.pokemondb.net/sprites/sword-shield/icon/corsola
-galarian-corsola.pnghttps://img.pokemondb.net/artwork/large/corsola
-galarian-corsola.jpghttps://img.pokemondb.net/sprites/sword-shield/icon/houndoom
-mega-houndoom.pnghttps://img.pokemondb.net/artwork/large/houndoom
-mega-houndoom.jpghttps://img.pokemondb.net/sprites/sword-shield/icon/tyranitar
-mega-tyranitar.pnghttps://img.pokemondb.net/artwork/large/tyranitar
-mega-tyranitar.jpghttps://img.pokemondb.net/sprites/sword-shield/icon/sceptile
-mega-sceptile.pnghttps://img.pokemondb.net/artwork/large/sceptile
-mega-sceptile.jpghttps://img.pokemondb.net/sprites/sword-shield/icon/blaziken
-mega-blaziken.pnghttps://img.pokemondb.net/artwork/large/blaziken
-mega-blaziken.jpghttps://img.pokemondb.net/sprites/sword-shield/icon/swampert
-mega-swampert.pnghttps://img.pokemondb.net/artwork/large/swampert
-mega-swampert.jpghttps://img.pokemondb.net/sprites/sword-shield/icon/zigzagoon
-galarian-zigzagoon.pnghttps://img.pokemondb.net/artwork/large/zigzagoon
-galarian-zigzagoon.jpghttps://img.pokemondb.net/sprites/sword-shield/icon/linoone
-galarian-linoone.pnghttps://img.pokemondb.net/artwork/large/linoone
-galarian-linoone.jpghttps://img.pokemondb.net/sprites/sword-shield/icon/gardevoir
-mega-gardevoir.pnghttps://img.pokemondb.net/artwork/large/gardevoir
-mega-gardevoir.jpghttps://img.pokemondb.net/sprites/sword-shield/icon/sableye
-mega-sableye.pnghttps://img.pokemondb.net/artwork/large/sableye
-mega-sableye.jpghttps://img.pokemondb.net/sprites/sword-shield/icon/mawile
-mega-mawile.pnghttps://img.pokemondb.net/artwork/large/mawile
-mega-mawile.jpghttps://img.pokemondb.net/sprites/sword-shield/icon/aggron
-mega-aggron.pnghttps://img.pokemondb.net/artwork/large/aggron
-mega-aggron.jpghttps://img.pokemondb.net/sprites/sword-shield/icon/medicham
-mega-medicham.pnghttps://img.pokemondb.net/artwork/large/medicham
-mega-medicham.jpghttps://img.pokemondb.net/sprites/sword-shield/icon/manectric
-mega-manectric.pnghttps://img.pokemondb.net/artwork/large/manectric
-mega-manectric.jpghttps://img.pokemondb.net/sprites/sword-shield/icon/sharpedo
-mega-sharpedo.pnghttps://img.pokemondb.net/artwork/large/sharpedo
-mega-sharpedo.jpghttps://img.pokemondb.net/sprites/sword-shield/icon/camerupt
-mega-camerupt.pnghttps://img.pokemondb.net/artwork/large/camerupt
-mega-camerupt.jpghttps://img.pokemondb.net/sprites/sword-shield/icon/altaria
-mega-altaria.pnghttps://img.pokemondb.net/artwork/large/altaria
-mega-altaria.jpghttps://img.pokemondb.net/sprites/sword-shield/icon/castform
-sunny-form.pnghttps://img.pokemondb.net/artwork/large/castform
-sunny-form.jpghttps://img.pokemondb.net/sprites/sword-shield/icon/castform
-rainy-form.pnghttps://img.pokemondb.net/artwork/large/castform
-rainy-form.jpghttps://img.pokemondb.net/sprites/sword-shield/icon/castform
-snowy-form.pnghttps://img.pokemondb.net/artwork/large/castform
-snowy-form.jpghttps://img.pokemondb.net/sprites/sword-shield/icon/banette
-mega-banette.pnghttps://img.pokemondb.net/artwork/large/banette
-mega-banette.jpghttps://img.pokemondb.net/sprites/sword-shield/icon/absol
-mega-absol.pnghttps://img.pokemondb.net/artwork/large/absol
-mega-absol.jpghttps://img.pokemondb.net/sprites/sword-shield/icon/glalie
-mega-glalie.pnghttps://img.pokemondb.net/artwork/large/glalie
-mega-glalie.jpghttps://img.pokemondb.net/sprites/sword-shield/icon/salamence
-mega-salamence.pnghttps://img.pokemondb.net/artwork/large/salamence
-mega-salamence.jpghttps://img.pokemondb.net/sprites/sword-shield/icon/metagross
-mega-metagross.pnghttps://img.pokemondb.net/artwork/large/metagross
-mega-metagross.jpghttps://img.pokemondb.net/sprites/sword-shield/icon/latias
-mega-latias.pnghttps://img.pokemondb.net/artwork/large/latias
-mega-latias.jpghttps://img.pokemondb.net/sprites/sword-shield/icon/latios
-mega-latios.pnghttps://img.pokemondb.net/artwork/large/latios
-mega-latios.jpghttps://img.pokemondb.net/sprites/sword-shield/icon/kyogre
-primal-kyogre.pnghttps://img.pokemondb.net/artwork/large/kyogre
-primal-kyogre.jpghttps://img.pokemondb.net/sprites/sword-shield/icon/groudon
-primal-groudon.pnghttps://img.pokemondb.net/artwork/large/groudon
-primal-groudon.jpghttps://img.pokemondb.net/sprites/sword-shield/icon/rayquaza
-mega-rayquaza.pnghttps://img.pokemondb.net/artwork/large/rayquaza
-mega-rayquaza.jpghttps://img.pokemondb.net/sprites/sword-shield/icon/deoxys
-normal-forme.pnghttps://img.pokemondb.net/artwork/large/deoxys
-normal-forme.jpghttps://img.pokemondb.net/sprites/sword-shield/icon/deoxys
-attack-forme.pnghttps://img.pokemondb.net/artwork/large/deoxys
-attack-forme.jpghttps://img.pokemondb.net/sprites/sword-shield/icon/deoxys
-defense-forme.pnghttps://img.pokemondb.net/artwork/large/deoxys
-defense-forme.jpghttps://img.pokemondb.net/sprites/sword-shield/icon/deoxys
-speed-forme.pnghttps://img.pokemondb.net/artwork/large/deoxys
-speed-forme.jpghttps://img.pokemondb.net/sprites/sword-shield/icon/burmy
-plant-cloak.pnghttps://img.pokemondb.net/artwork/large/burmy
-plant-cloak.jpghttps://img.pokemondb.net/sprites/sword-shield/icon/burmy
-sandy-cloak.pnghttps://img.pokemondb.net/artwork/large/burmy
-sandy-cloak.jpghttps://img.pokemondb.net/sprites/sword-shield/icon/burmy
-trash-cloak.pnghttps://img.pokemondb.net/artwork/large/burmy
-trash-cloak.jpghttps://img.pokemondb.net/sprites/sword-shield/icon/wormadam
-plant-cloak.pnghttps://img.pokemondb.net/artwork/large/wormadam
-plant-cloak.jpghttps://img.pokemondb.net/sprites/sword-shield/icon/wormadam
-sandy-cloak.pnghttps://img.pokemondb.net/artwork/large/wormadam
-sandy-cloak.jpghttps://img.pokemondb.net/sprites/sword-shield/icon/wormadam
-trash-cloak.pnghttps://img.pokemondb.net/artwork/large/wormadam
-trash-cloak.jpghttps://img.pokemondb.net/sprites/sword-shield/icon/lopunny
-mega-lopunny.pnghttps://img.pokemondb.net/artwork/large/lopunny
-mega-lopunny.jpghttps://img.pokemondb.net/sprites/sword-shield/icon/garchomp
-mega-garchomp.pnghttps://img.pokemondb.net/artwork/large/garchomp
-mega-garchomp.jpghttps://img.pokemondb.net/sprites/sword-shield/icon/lucario
-mega-lucario.pnghttps://img.pokemondb.net/artwork/large/lucario
-mega-lucario.jpghttps://img.pokemondb.net/sprites/sword-shield/icon/abomasnow
-mega-abomasnow.pnghttps://img.pokemondb.net/artwork/large/abomasnow
-mega-abomasnow.jpghttps://img.pokemondb.net/sprites/sword-shield/icon/gallade
-mega-gallade.pnghttps://img.pokemondb.net/artwork/large/gallade
-mega-gallade.jpghttps://img.pokemondb.net/sprites/sword-shield/icon/rotom
-heat-rotom.pnghttps://img.pokemondb.net/artwork/large/rotom
-heat-rotom.jpghttps://img.pokemondb.net/sprites/sword-shield/icon/rotom
-wash-rotom.pnghttps://img.pokemondb.net/artwork/large/rotom
-wash-rotom.jpghttps://img.pokemondb.net/sprites/sword-shield/icon/rotom
-frost-rotom.pnghttps://img.pokemondb.net/artwork/large/rotom
-frost-rotom.jpghttps://img.pokemondb.net/sprites/sword-shield/icon/rotom
-fan-rotom.pnghttps://img.pokemondb.net/artwork/large/rotom
-fan-rotom.jpghttps://img.pokemondb.net/sprites/sword-shield/icon/rotom
-mow-rotom.pnghttps://img.pokemondb.net/artwork/large/rotom
-mow-rotom.jpghttps://img.pokemondb.net/sprites/sword-shield/icon/dialga
-origin-forme.pnghttps://img.pokemondb.net/artwork/large/dialga
-origin-forme.jpghttps://img.pokemondb.net/sprites/sword-shield/icon/palkia
-origin-forme.pnghttps://img.pokemondb.net/artwork/large/palkia
-origin-forme.jpghttps://img.pokemondb.net/sprites/sword-shield/icon/giratina
-altered-forme.pnghttps://img.pokemondb.net/artwork/large/giratina
-altered-forme.jpghttps://img.pokemondb.net/sprites/sword-shield/icon/giratina
-origin-forme.pnghttps://img.pokemondb.net/artwork/large/giratina
-origin-forme.jpghttps://img.pokemondb.net/sprites/sword-shield/icon/shaymin
-land-forme.pnghttps://img.pokemondb.net/artwork/large/shaymin
-land-forme.jpghttps://img.pokemondb.net/sprites/sword-shield/icon/shaymin
-sky-forme.pnghttps://img.pokemondb.net/artwork/large/shaymin
-sky-forme.jpghttps://img.pokemondb.net/sprites/sword-shield/icon/samurott
-hisuian-samurott.pnghttps://img.pokemondb.net/artwork/large/samurott
-hisuian-samurott.jpghttps://img.pokemondb.net/sprites/sword-shield/icon/audino
-mega-audino.pnghttps://img.pokemondb.net/artwork/large/audino
-mega-audino.jpghttps://img.pokemondb.net/sprites/sword-shield/icon/lilligant
-hisuian-lilligant.pnghttps://img.pokemondb.net/artwork/large/lilligant
-hisuian-lilligant.jpghttps://img.pokemondb.net/sprites/sword-shield/icon/basculin
-red-striped-form.pnghttps://img.pokemondb.net/artwork/large/basculin
-red-striped-form.jpghttps://img.pokemondb.net/sprites/sword-shield/icon/basculin
-blue-striped-form.pnghttps://img.pokemondb.net/artwork/large/basculin
-blue-striped-form.jpghttps://img.pokemondb.net/sprites/sword-shield/icon/basculin
-white-striped-form.pnghttps://img.pokemondb.net/artwork/large/basculin
-white-striped-form.jpghttps://img.pokemondb.net/sprites/sword-shield/icon/darumaka
-galarian-darumaka.pnghttps://img.pokemondb.net/artwork/large/darumaka
-galarian-darumaka.jpghttps://img.pokemondb.net/sprites/sword-shield/icon/darmanitan
-standard-mode.pnghttps://img.pokemondb.net/artwork/large/darmanitan
-standard-mode.jpghttps://img.pokemondb.net/sprites/sword-shield/icon/darmanitan
-zen-mode.pnghttps://img.pokemondb.net/artwork/large/darmanitan
-zen-mode.jpghttps://img.pokemondb.net/sprites/sword-shield/icon/darmanitan
-galarian-standard-mode.pnghttps://img.pokemondb.net/artwork/large/darmanitan
-galarian-standard-mode.jpghttps://img.pokemondb.net/sprites/sword-shield/icon/darmanitan
-galarian-zen-mode.pnghttps://img.pokemondb.net/artwork/large/darmanitan
-galarian-zen-mode.jpghttps://img.pokemondb.net/sprites/sword-shield/icon/yamask
-galarian-yamask.pnghttps://img.pokemondb.net/artwork/large/yamask
-galarian-yamask.jpghttps://img.pokemondb.net/sprites/sword-shield/icon/zorua
-hisuian-zorua.pnghttps://img.pokemondb.net/artwork/large/zorua
-hisuian-zorua.jpghttps://img.pokemondb.net/sprites/sword-shield/icon/zoroark
-hisuian-zoroark.pnghttps://img.pokemondb.net/artwork/large/zoroark
-hisuian-zoroark.jpghttps://img.pokemondb.net/sprites/sword-shield/icon/stunfisk
-galarian-stunfisk.pnghttps://img.pokemondb.net/artwork/large/stunfisk
-galarian-stunfisk.jpghttps://img.pokemondb.net/sprites/sword-shield/icon/braviary
-hisuian-braviary.pnghttps://img.pokemondb.net/artwork/large/braviary
-hisuian-braviary.jpghttps://img.pokemondb.net/sprites/sword-shield/icon/tornadus
-incarnate-forme.pnghttps://img.pokemondb.net/artwork/large/tornadus
-incarnate-forme.jpghttps://img.pokemondb.net/sprites/sword-shield/icon/tornadus
-therian-forme.pnghttps://img.pokemondb.net/artwork/large/tornadus
-therian-forme.jpghttps://img.pokemondb.net/sprites/sword-shield/icon/thundurus
-incarnate-forme.pnghttps://img.pokemondb.net/artwork/large/thundurus
-incarnate-forme.jpghttps://img.pokemondb.net/sprites/sword-shield/icon/thundurus
-therian-forme.pnghttps://img.pokemondb.net/artwork/large/thundurus
-therian-forme.jpghttps://img.pokemondb.net/sprites/sword-shield/icon/landorus
-incarnate-forme.pnghttps://img.pokemondb.net/artwork/large/landorus
-incarnate-forme.jpghttps://img.pokemondb.net/sprites/sword-shield/icon/landorus
-therian-forme.pnghttps://img.pokemondb.net/artwork/large/landorus
-therian-forme.jpghttps://img.pokemondb.net/sprites/sword-shield/icon/kyurem
-black-kyurem.pnghttps://img.pokemondb.net/artwork/large/kyurem
-black-kyurem.jpghttps://img.pokemondb.net/sprites/sword-shield/icon/kyurem
-white-kyurem.pnghttps://img.pokemondb.net/artwork/large/kyurem
-white-kyurem.jpghttps://img.pokemondb.net/sprites/sword-shield/icon/keldeo
-ordinary-form.pnghttps://img.pokemondb.net/artwork/large/keldeo
-ordinary-form.jpghttps://img.pokemondb.net/sprites/sword-shield/icon/keldeo
-resolute-form.pnghttps://img.pokemondb.net/artwork/large/keldeo
-resolute-form.jpghttps://img.pokemondb.net/sprites/sword-shield/icon/meloetta
-aria-forme.pnghttps://img.pokemondb.net/artwork/large/meloetta
-aria-forme.jpghttps://img.pokemondb.net/sprites/sword-shield/icon/meloetta
-pirouette-forme.pnghttps://img.pokemondb.net/artwork/large/meloetta
-pirouette-forme.jpghttps://img.pokemondb.net/sprites/sword-shield/icon/greninja
-ash-greninja.pnghttps://img.pokemondb.net/artwork/large/greninja
-ash-greninja.jpghttps://img.pokemondb.net/sprites/sword-shield/icon/meowstic
-male.pnghttps://img.pokemondb.net/artwork/large/meowstic
-male.jpghttps://img.pokemondb.net/sprites/sword-shield/icon/meowstic
-female.pnghttps://img.pokemondb.net/artwork/large/meowstic
-female.jpghttps://img.pokemondb.net/sprites/sword-shield/icon/aegislash
-shield-forme.pnghttps://img.pokemondb.net/artwork/large/aegislash
-shield-forme.jpghttps://img.pokemondb.net/sprites/sword-shield/icon/aegislash
-blade-forme.pnghttps://img.pokemondb.net/artwork/large/aegislash
-blade-forme.jpghttps://img.pokemondb.net/sprites/sword-shield/icon/sliggoo
-hisuian-sliggoo.pnghttps://img.pokemondb.net/artwork/large/sliggoo
-hisuian-sliggoo.jpghttps://img.pokemondb.net/sprites/sword-shield/icon/goodra
-hisuian-goodra.pnghttps://img.pokemondb.net/artwork/large/goodra
-hisuian-goodra.jpghttps://img.pokemondb.net/sprites/sword-shield/icon/pumpkaboo
-average-size.pnghttps://img.pokemondb.net/artwork/large/pumpkaboo
-average-size.jpghttps://img.pokemondb.net/sprites/sword-shield/icon/pumpkaboo
-small-size.pnghttps://img.pokemondb.net/artwork/large/pumpkaboo
-small-size.jpghttps://img.pokemondb.net/sprites/sword-shield/icon/pumpkaboo
-large-size.pnghttps://img.pokemondb.net/artwork/large/pumpkaboo
-large-size.jpghttps://img.pokemondb.net/sprites/sword-shield/icon/pumpkaboo
-super-size.pnghttps://img.pokemondb.net/artwork/large/pumpkaboo
-super-size.jpghttps://img.pokemondb.net/sprites/sword-shield/icon/gourgeist
-average-size.pnghttps://img.pokemondb.net/artwork/large/gourgeist
-average-size.jpghttps://img.pokemondb.net/sprites/sword-shield/icon/gourgeist
-small-size.pnghttps://img.pokemondb.net/artwork/large/gourgeist
-small-size.jpghttps://img.pokemondb.net/sprites/sword-shield/icon/gourgeist
-large-size.pnghttps://img.pokemondb.net/artwork/large/gourgeist
-large-size.jpghttps://img.pokemondb.net/sprites/sword-shield/icon/gourgeist
-super-size.pnghttps://img.pokemondb.net/artwork/large/gourgeist
-super-size.jpghttps://img.pokemondb.net/sprites/sword-shield/icon/avalugg
-hisuian-avalugg.pnghttps://img.pokemondb.net/artwork/large/avalugg
-hisuian-avalugg.jpghttps://img.pokemondb.net/sprites/sword-shield/icon/zygarde
-50%-forme.pnghttps://img.pokemondb.net/artwork/large/zygarde
-50%-forme.jpghttps://img.pokemondb.net/sprites/sword-shield/icon/zygarde
-10%-forme.pnghttps://img.pokemondb.net/artwork/large/zygarde
-10%-forme.jpghttps://img.pokemondb.net/sprites/sword-shield/icon/zygarde
-complete-forme.pnghttps://img.pokemondb.net/artwork/large/zygarde
-complete-forme.jpghttps://img.pokemondb.net/sprites/sword-shield/icon/diancie
-mega-diancie.pnghttps://img.pokemondb.net/artwork/large/diancie
-mega-diancie.jpghttps://img.pokemondb.net/sprites/sword-shield/icon/hoopa
-hoopa-confined.pnghttps://img.pokemondb.net/artwork/large/hoopa
-hoopa-confined.jpghttps://img.pokemondb.net/sprites/sword-shield/icon/hoopa
-hoopa-unbound.pnghttps://img.pokemondb.net/artwork/large/hoopa
-hoopa-unbound.jpghttps://img.pokemondb.net/sprites/sword-shield/icon/decidueye
-hisuian-decidueye.pnghttps://img.pokemondb.net/artwork/large/decidueye
-hisuian-decidueye.jpghttps://img.pokemondb.net/sprites/sword-shield/icon/oricorio
-baile-style.pnghttps://img.pokemondb.net/artwork/large/oricorio
-baile-style.jpghttps://img.pokemondb.net/sprites/sword-shield/icon/oricorio
-pom-pom-style.pnghttps://img.pokemondb.net/artwork/large/oricorio
-pom-pom-style.jpghttps://img.pokemondb.net/sprites/sword-shield/icon/oricorio
-pau-style.pnghttps://img.pokemondb.net/artwork/large/oricorio
-pau-style.jpghttps://img.pokemondb.net/sprites/sword-shield/icon/oricorio
-sensu-style.pnghttps://img.pokemondb.net/artwork/large/oricorio
-sensu-style.jpghttps://img.pokemondb.net/sprites/sword-shield/icon/rockruff
-own-tempo-rockruff.pnghttps://img.pokemondb.net/artwork/large/rockruff
-own-tempo-rockruff.jpghttps://img.pokemondb.net/sprites/sword-shield/icon/lycanroc
-midday-form.pnghttps://img.pokemondb.net/artwork/large/lycanroc
-midday-form.jpghttps://img.pokemondb.net/sprites/sword-shield/icon/lycanroc
-midnight-form.pnghttps://img.pokemondb.net/artwork/large/lycanroc
-midnight-form.jpghttps://img.pokemondb.net/sprites/sword-shield/icon/lycanroc
-dusk-form.pnghttps://img.pokemondb.net/artwork/large/lycanroc
-dusk-form.jpghttps://img.pokemondb.net/sprites/sword-shield/icon/wishiwashi
-solo-form.pnghttps://img.pokemondb.net/artwork/large/wishiwashi
-solo-form.jpghttps://img.pokemondb.net/sprites/sword-shield/icon/wishiwashi
-school-form.pnghttps://img.pokemondb.net/artwork/large/wishiwashi
-school-form.jpghttps://img.pokemondb.net/sprites/sword-shield/icon/minior
-meteor-form.pnghttps://img.pokemondb.net/artwork/large/minior
-meteor-form.jpghttps://img.pokemondb.net/sprites/sword-shield/icon/minior
-core-form.pnghttps://img.pokemondb.net/artwork/large/minior
-core-form.jpghttps://img.pokemondb.net/sprites/sword-shield/icon/necrozma
-dusk-mane-necrozma.pnghttps://img.pokemondb.net/artwork/large/necrozma
-dusk-mane-necrozma.jpghttps://img.pokemondb.net/sprites/sword-shield/icon/necrozma
-dawn-wings-necrozma.pnghttps://img.pokemondb.net/artwork/large/necrozma
-dawn-wings-necrozma.jpghttps://img.pokemondb.net/sprites/sword-shield/icon/necrozma
-ultra-necrozma.pnghttps://img.pokemondb.net/artwork/large/necrozma
-ultra-necrozma.jpghttps://img.pokemondb.net/sprites/sword-shield/icon/toxtricity
-low-key-form.pnghttps://img.pokemondb.net/artwork/large/toxtricity
-low-key-form.jpghttps://img.pokemondb.net/sprites/sword-shield/icon/toxtricity
-amped-form.pnghttps://img.pokemondb.net/artwork/large/toxtricity
-amped-form.jpghttps://img.pokemondb.net/sprites/sword-shield/icon/eiscue
-ice-face.pnghttps://img.pokemondb.net/artwork/large/eiscue
-ice-face.jpghttps://img.pokemondb.net/sprites/sword-shield/icon/eiscue
-noice-face.pnghttps://img.pokemondb.net/artwork/large/eiscue
-noice-face.jpghttps://img.pokemondb.net/sprites/sword-shield/icon/indeedee
-male.pnghttps://img.pokemondb.net/artwork/large/indeedee
-male.jpghttps://img.pokemondb.net/sprites/sword-shield/icon/indeedee
-female.pnghttps://img.pokemondb.net/artwork/large/indeedee
-female.jpghttps://img.pokemondb.net/sprites/sword-shield/icon/morpeko
-full-belly-mode.pnghttps://img.pokemondb.net/artwork/large/morpeko
-full-belly-mode.jpghttps://img.pokemondb.net/sprites/sword-shield/icon/morpeko
-hangry-mode.pnghttps://img.pokemondb.net/artwork/large/morpeko
-hangry-mode.jpghttps://img.pokemondb.net/sprites/sword-shield/icon/zacian
-crowned-sword.pnghttps://img.pokemondb.net/artwork/large/zacian
-crowned-sword.jpghttps://img.pokemondb.net/sprites/sword-shield/icon/zacian
-hero-of-many-battles.pnghttps://img.pokemondb.net/artwork/large/zacian
-hero-of-many-battles.jpghttps://img.pokemondb.net/sprites/sword-shield/icon/zamazenta
-crowned-shield.pnghttps://img.pokemondb.net/artwork/large/zamazenta
-crowned-shield.jpghttps://img.pokemondb.net/sprites/sword-shield/icon/zamazenta
-hero-of-many-battles.pnghttps://img.pokemondb.net/artwork/large/zamazenta
-hero-of-many-battles.jpghttps://img.pokemondb.net/sprites/sword-shield/icon/eternatus
-eternamax.pnghttps://img.pokemondb.net/artwork/large/eternatus
-eternamax.jpghttps://img.pokemondb.net/sprites/sword-shield/icon/urshifu
-single-strike-style.pnghttps://img.pokemondb.net/artwork/large/urshifu
-single-strike-style.jpghttps://img.pokemondb.net/sprites/sword-shield/icon/urshifu
-rapid-strike-style.pnghttps://img.pokemondb.net/artwork/large/urshifu
-rapid-strike-style.jpghttps://img.pokemondb.net/sprites/sword-shield/icon/calyrex
-ice-rider.pnghttps://img.pokemondb.net/artwork/large/calyrex
-ice-rider.jpghttps://img.pokemondb.net/sprites/sword-shield/icon/calyrex
-shadow-rider.pnghttps://img.pokemondb.net/artwork/large/calyrex
-shadow-rider.jpghttps://img.pokemondb.net/sprites/sword-shield/icon/wyrdeer.pnghttps://img.pokemondb.net/sprites/sword-shield/icon/kleavor.pnghttps://img.pokemondb.net/sprites/sword-shield/icon/ursaluna.pnghttps://img.pokemondb.net/sprites/sword-shield/icon/basculegion
-male.pnghttps://img.pokemondb.net/artwork/large/basculegion
-male.jpghttps://img.pokemondb.net/sprites/sword-shield/icon/basculegion
-female.pnghttps://img.pokemondb.net/artwork/large/basculegion
-female.jpghttps://img.pokemondb.net/sprites/sword-shield/icon/sneasler.pnghttps://img.pokemondb.net/sprites/sword-shield/icon/overqwil.pnghttps://img.pokemondb.net/sprites/sword-shield/icon/enamorus
-incarnate-forme.pnghttps://img.pokemondb.net/artwork/large/enamorus
-incarnate-forme.jpghttps://img.pokemondb.net/sprites/sword-shield/icon/enamorus
-therian-forme.pnghttps://img.pokemondb.net/artwork/large/enamorus
-therian-forme.jpg